¡Eliminatoria de jugadores! Eliminado Radamel Falcao García. Vota Por El Mejor ? #9 El menos votado sale... http:// fb.me/6tLUpJBPb
20. PATY CANTU - "Rompo Contigo" S.A: #20 N.S: 2 M.P: #20 @PatyCantu @PatyCantu_ Peru https:// m.youtube.com/watch?v=DlYSUX hRZWc …
O NOVINHA EU QUERO TE VER CONTENTE NÃO ABANDONA A PERU DA GENTE VOTA NOS VIADOS #OneDBestFans
¡Eliminatoria de jugadores! Eliminado Karim Benzema Vota Por El Mejor ? #9 El menos votado sale Acaba En... http:// fb.me/IlhucN8O
Ya empezó el Versus! no olviden dejar su saludo al wazap +511 996908612 dale click y vota por #Magneto ---> http:// bit.ly/2k60xQu pic.twitter.com/FF7uLQdT8N
¡Eliminatoria de jugadores! Eliminado Cavani!!! Vota Por El Mejor ? #9 El menos votado sale Acaba En 1Hora http:// fb.me/8l0bdunL4
¡Eliminatoria de jugadores! Vota Por El Mejor ? #9 El menos votado sale Acaba En 1Hora http:// fb.me/6pKgSYt7D
Vota por el Perú #MissPeru #ValeriaesPeru #MissUniverse pic.twitter.com/6tfQ8r8Vxp
Vota por el Perú vota por #MissUniverso #MissPeru #ValeriaesPeru
¡ELIMINADO Andréa Pirlo Reglas: - Vota por tu jugador favorito. -El menos votado queda eliminado. -Cerramos en 1Hora http:// fb.me/5Ch3drG3l
Todos a Votar #CarolinaMiranda #ProtagonistaFavorita #SeñoraAcero3 #PremiosTelemundoNovelas Vota http:// TelemundoNovelas.TV/Vota pic.twitter.com/vjXUUz5P68
¡ELIMINADO Marco Reus! Reglas: - Vota por tu jugador favorito. -El menos votado queda eliminado. -Cerramos en 1Hora http:// fb.me/5ERVxLn7v
Faltan Solo Minutos para que se comienze las votaciones #PremiosTelemundoNovelas Vota http:// TelemundoNovelas.TV/Vota por la guapa @CaroMirandaOf pic.twitter.com/AQlWDt7oAC
¡ELIMINADO Alexis Sanches! Reglas: - Vota por tu jugador favorito. -El menos votado queda eliminado. -Cerramos en... http:// fb.me/7B1J4S9JB
¡ELIMINADO GARETH BALE! Reglas: - Vota por tu jugador favorito. -El menos votado queda eliminado. -Cerramos en 1Hora http:// fb.me/8ALoIHtAQ
¡COMIENZA LA ELIMINATORIA! Messi, Cristiano Ronaldo, Pirlo, Alexis Sanchez, Bale y Reus. Reglas: - Vota por tu... http:// fb.me/7TwfTFCXk
@atento_34 @MindefPeru @naval_ peru Esa actitud ant el robo d políticos nos tiene así, xq gente como tú vota x ellos y los lleva al poder
Perú vota !!! Animemos a nuestra Miss Universe Valeria Piazza #MissUniverse #Peru pic.twitter.com/PZ2Que7t8N
que pasa con mi gente peruana que no vota ? vamos #Peru #MissUniverse #MissPeru #missperu
VOTA POR VALERIA PIAZZA NUESTRA HERMOSA GARZA BLANCA RT PARA QUE VALE LLEGUE AL 12 ️ ️ #MissUniverse #missperu #Peru #valeriapiazza pic.twitter.com/mHsqUjpxet
y tu que dices que no te acuerdas vota pe chica ya te hize recoordar #exordiuminperu @MoveConcertsPE @WorkShowsPeru @americatv_ peru
#MissUniverse #Peru vota
#MissUniverse #Peru quien no vota no es peruano
No olvides de votar y dar muchos retwitter!!! Vota por Valeria vota por Perú #MissUniverse #Peru pic.twitter.com/7Sg5UFcnfS
Descarga las aplicaciones y vota por #Peru #MissUniverse pic.twitter.com/N4PqM8DZjL
