@Nacionalismo _Vz @OrdenVenezuela okey, manda el link pa lee puejn... la vaina es q ustedes son fan d Perez Jimenes tonces un gato es un gato
@evoespueblo balio la pena por que vencimos Bolivia unida viva el nacionalismo viva la agenda 20_ 25 por una Bolivia digna
@hombreradikal @OrdenVenezuela Ni siquiera les has leido las propuestas y ya los tildas de Extrema derecha, bueno pues, era de esperar...
@Nacionalismo _Vz @OrdenVenezuela La extrema derecha me repulsa al igual que la extrema izquierda, no me gusta el fascismo, PUNTO.
Iniciado un proceso de excomunión contra católicos por criticar al nacionalismo catalán http:// ln.is/elsaqueocatala n.com/b96DM …
Ilustre @hombreradikal ¿Que opina del movimiento @OrdenVenezuela ? son una alternativa a este caos socialista, dales algunos RTs a ver :D
@martapascal @Pdemocratacat @franceschoms otra frase del nacionalismo que en otro sitio se podría traducir por "urnas ilegales a juicio".
#Mes324 Realmente el único nacionalismo español democrático es el de Podemos. Aunque incluso gobernando poco podrían hacer por Cat.
@HCHTelevDigital Nacionalismo en #Ceiba se volco en Apoyo para Juan Orlando #EstamosListos #TeApoyamosJOH #AdelanteJOH pic.twitter.com/42cXSYiAeA
vivimos en la ignorancia del nacionalismo de defender a muerte lo que no nos pertenece, sino que es de todos
Pablo Planas: Cuando insultar a una fiscal es libertad http:// ift.tt/2kMwQWZ Como se trata de nacionalismo y nacionalistas, los verdugos…
Tiempos Modernos 13-02-2017 Pedro F.B El Nacionalismo vasco en la Guerra Civil: http:// youtu.be/nI5Fz5UZL4I?a vía @YouTube
Globalización y nacionalismo http:// ift.tt/2lJrXfB
@DiarioLaPrensa Catacamas, Olancho vivio El Nacionalismo un Gran Jubilo en Apoyo a Juan Orlando #EstamosListos #TeApoyamosJOH pic.twitter.com/LcXiwaCqQN
@lauraprata17 ali no canto direito, menina, tá um mafuá que só Jesus! Tá negócio de reino com negócio de nacionalismo tá tudo embolado kkkkk
@cervera_jess @rosetjordi Tanto el nacionalismo rancio español como el nacionalismo catalán servís a interés de la élite.
Globalización y nacionalismo http:// ift.tt/2lJrXfB
@libertaddigital El nacionalismo catalán convertido en religión. A este paso yo no descarto un cisma. De hecho, el único estado que tiene...
Globalización y nacionalismo http:// ift.tt/2lJrXfB
Globalización y nacionalismo http:// ift.tt/2lJrXfB
Globalización y nacionalismo http:// ift.tt/2lJrXfB
Recordáis al nacionalismo aprobando leyes con informes jurídicos desfavorables y cuando eran recurridas los nacionalistas iban de víctimas? pic.twitter.com/8PMR0gjKoC
Globalización y nacionalismo
Globalización y nacionalismo http:// ift.tt/2lJrXfB
nacionalismo caralho https:// twitter.com/kashmir181/sta tus/831248316667142144 …
@piper_gerard @rafaherrerorab @dhr_1902 @JaviCano7 @Lamismamente no confundas nacionalismo con educación
Bastante razón: es San Martín el hombre clave en las victorias de Chacabuco y Maipú; a O'Higgins se le hizo crecer por nacionalismo , creo yo https:// twitter.com/UnTalTripaSeca /status/831242526442938368 …
"en un día de trabajo ganan lo que en una semana en Ciudad Juárez. Y el bolsillo pesa más que el nacionalismo "... http://www. bbc.com/mundo/noticias -america-latina-38926777 …
@LaTribunahn como siempre el nacionalismo presente y apoyando a nuestro proximo presidente #adelanteJOH
#Descarga “Vigencia del nacionalismo petrolero” https:// goo.gl/nO64jB #11AñosHaciendoEscuela pic.twitter.com/Nwkvjqu9qr
HASTA CUANDO ESTE GOBIERNO VA A PERMITIR ESTE ATREVIMIENTO DONDE ESTA EL NACIONALISMO BASTA YA pic.twitter.com/wEhCBEPArt
¿Excomulgados por criticar el nacionalismo catalán? http://www. libertaddigital.com/espana/politic a/2017-02-13/el-tribunal-eclesiastico-de-barcelona-estudia-excomulgar-a-los-autores-de-germinans-por-criticar-el-nacionalismo-1276592609/ … vía @libertaddigital
Vamos a desvalorizar el independentismo porque es una tontería y es más importante preocuparse por la gente minusvalida que el nacionalismo
La #globalización del #nacionalismo amenaza seriamente la #democracia occidental. Por Armando Diéguez: http://www. mundiario.com/articulo/polit ica/globalizacion-nacionalismo-amenaza-seriamente-democracia-occidental/20170212155114079182.html …
@PedroBDonoso @espuma_blanca hay que ser triste para venderse al nacionalismo
O curso de filosofia 3 anos atrás seria total MAKE AMERICA GREAT AGAIN porque geral achava bonito o nacionalismo alemão.
Pues la oligarquía danesa u holandesa y el nacionalismo danés u holandés no deben ser tan malos. Diferentes que el español, seguro https:// twitter.com/jlmark67/statu s/831220729131704321 …
MENTIROSA: La PerraVida no fue una simple militante fue Coordinadora Internacional de Apoyo del Nacionalismo del partido de Nadine pic.twitter.com/wMSovSX0TD
Agregué un video a una lista de reproducción de @YouTube http:// youtu.be/5pgmBHEJJmk?a 5 Preguntas Incómodas sobre el nacionalismo
@VeroticaSoler @Lindepe @Dan__Vader @doctor_boggie El nacionalismo catalán es victimista, casi diría que por definición
El Tribunal Eclesiástico de Barcelona estudia excomulgar a los autores de 'Germinans' por criticar el nacionalismo http://www. libertaddigital.com/espana/politic a/2017-02-13/el-tribunal-eclesiastico-de-barcelona-estudia-excomulgar-a-los-autores-de-germinans-por-criticar-el-nacionalismo-1276592609/ …
Asturias-Euzkadi Febrero de 1937 A pesar del malestar dentro de sectores del nacionalismo vasco, ya llegan a Asturias, los batallones vascos
@canalN_ De donde salia para comprar chocolates de $100 ? Si esta seuda dirigente del nacionalismo nunca trabajo,mas bien se lo llevo crudo
@CCVCast_Hablan @GaliciaBilingue @elpais_espana La izquierda ha dejado de existir para apoyar el nacionalismo .
"Es que el nacionalismo es bueno" amigos creanme que la xenofobia se va a disparar tenaz https:// twitter.com/LaFrunofila/st atus/831240061035347969 …
@Vengaviajar Flipo. Gustavo Bueno tiene algo que decirle a la gente q va cada año a la Diada? Es tan arrogante el nacionalismo español?
Luego que si el ciego nacionalismo separatista catalán y sus reivindicaciones y tal. Don Vicente Boluda, españolísimo y valenciano. Ojo.
EXPRESIONES DE VERDAD: EL NACIONALISMO , EL MEXICANISMO Y LOS MIGRANTES. - http://www. grupoinformativoamsa.com/2017/02/13/exp resiones-de-verdad-el-nacionalismo-el-mexicanismo-y-los-migrantes-2/ … pic.twitter.com/jbH2UiBn2b
EXPRESIONES DE VERDAD: EL NACIONALISMO , EL MEXICANISMO Y LOS MIGRANTES. - http://www. grupoinformativoamsa.com/2017/02/13/exp resiones-de-verdad-el-nacionalismo-el-mexicanismo-y-los-migrantes-2/ … pic.twitter.com/kjQ3rAZyaJ
EXPRESIONES DE VERDAD: EL NACIONALISMO , EL MEXICANISMO Y LOS MIGRANTES. - http://www. grupoinformativoamsa.com/2017/02/13/exp resiones-de-verdad-el-nacionalismo-el-mexicanismo-y-los-migrantes-2/ … pic.twitter.com/NK8OAS74qc
@Nlibertas PALABRAS FÉRREAS: Candiles del patriotismo ajeno, oscuridad del nacionalismo práctico http:// tamaulipasinforma.com/2017/02/13/pal abras-ferreas-candiles-del-patriotismo-ajeno-oscuridad-del-nacionalismo-practico/ … pic.twitter.com/cn1H9FBQJh
EL DEBATE EQUIS: Mexicanos, migración, nacionalismo y pobreza… http:// tamaulipasinforma.com/2017/02/13/el- debate-equis-mexicanos-migracion-nacionalismo-y-pobreza/ … pic.twitter.com/CIzltoLXVR
@Mercutio_M En la Nostromo Ripley le dice a Alien eso de que "el nacionalismo se cura viajando" y por eso el bicho mata a la tripulación.
"El nacionalismo va a colocar las urnas contra la democracia" http://www. elmundo.es/espana/2017/02 /13/58a0e770e2704e2e598b45cb.html?btz62=2009020613 … #noticiasEspaña
@IndepCast nacionalismo a tope, qué feo. Los nacionalistas no sois integradores.
Año 2863: -El nacionalismo es un atraso idiota. -Vosotros queréis mantener unidas Eurasiáfrica y Oceanomérica. Eso también es nacionalismo .
México un país bien identificado por su nacionalismo . pic.twitter.com/N0iGnLpq2O
El Tribunal Eclesiástico de Barcelona estudia excomulgar a los autores de 'Germinans' por criticar el nacionalismo http://www. libertaddigital.com/espana/politic a/2017-02-13/el-tribunal-eclesiastico-de-barcelona-estudia-excomulgar-a-los-autores-de-germinans-por-criticar-el-nacionalismo-1276592609/ …
Que lo vea toda España: concejal de El Prat pulveriza el nacionalismo . https:// youtu.be/qEuXEjHSBV4 vía @YouTube
Dejen a trump tranquilo, lo q el esta haciendo por su pais es patriotismo y nacionalismo cosa q no hay en venezuela #13F
Globalización y nacionalismo http:// ln.is/elfinanciero.c om.mx/GXl6A …
Antonio López Baeza sobre el nacionalismo catalán en 1917 http://www. elsocialista.es/component/k2/i tem/788-antonio-lopez-baeza-sobre-el-nacionalismo-catalan-en-1917.html#.WKIOny-Kqxo.twitter …
EXPRESIONES DE VERDAD: EL NACIONALISMO , EL MEXICANISMO Y LOS MIGRANTES - http://www. grupoinformativoamsa.com/2017/02/13/exp resiones-de-verdad-el-nacionalismo-el-mexicanismo-y-los-migrantes/ … pic.twitter.com/nckqZhyOr6
EXPRESIONES DE VERDAD: EL NACIONALISMO , EL MEXICANISMO Y LOS MIGRANTES - http://www. grupoinformativoamsa.com/2017/02/13/exp resiones-de-verdad-el-nacionalismo-el-mexicanismo-y-los-migrantes/ … pic.twitter.com/L5VHp3kzMM
EXPRESIONES DE VERDAD: EL NACIONALISMO , EL MEXICANISMO Y LOS MIGRANTES - http://www. grupoinformativoamsa.com/2017/02/13/exp resiones-de-verdad-el-nacionalismo-el-mexicanismo-y-los-migrantes/ … pic.twitter.com/Ffv9cDCw6Z
¿Excomulgados por criticar el nacionalismo catalán? http://www. libertaddigital.com/espana/politic a/2017-02-13/el-tribunal-eclesiastico-de-barcelona-estudia-excomulgar-a-los-autores-de-germinans-por-criticar-el-nacionalismo-1276592609/ … vía @libertaddigital
El clero separatista catalán se pone nerviosos. ¿Excomulgados por criticar el nacionalismo catalán? http://www. libertaddigital.com/espana/politic a/2017-02-13/el-tribunal-eclesiastico-de-barcelona-estudia-excomulgar-a-los-autores-de-germinans-por-criticar-el-nacionalismo-1276592609/ …
Pero como esta foto justamente prueba, los empresarios valencianos ni quieren ni saben romper el marco mental del nacionalismo español pic.twitter.com/3UU5nNOHEg
#EnVivo #Entrevista @AArmentaMier 'debemos recuperar el ' nacionalismo ' #ParabólicaTV #Puebla https://www. facebook.com/ParabolicaEnRe d/ … pic.twitter.com/y6Ysis3oRP
VERONIKA MENDOZA deberá aclarar al pueblo muchas interrogantes,para creerle q' era una simple militante del Nacionalismo ,como argumenta ella
@EstadoCharnego @gaab75 Proponerlo crea suspicacias porque se relaciona directamente con el nacionalismo , diría.
Contra el nacionalismo REMEDIO CASERO...menos EGOISMO y ser mas VIAJERO @omnium @assemblea @DolcaCatalunya
@marcsalvi Porq no es tal. Es un proceso nacionalista, con premisas egoístas dignas de la dcha nacionalista. Y estoy contra el nacionalismo
Así que la única opción del empresariado valenciano es constituir un contrapoder al nacionalismo español
El nacionalismo español lo sabe así q los empresarios valencianos, al no ser obstáculo, no tienen fuerza alguna para conseguir sus objetivos
Las marchas de ayer si querian demostrar algun tipo de nacionalismo resultaron un soberano fracaso.
Y los empresarios valencianos no solo apoyan al nacionalismo español, sino que además comparten su mismo marco mental
¿Y por qué el nacionalismo español ostenta el poder? Entre otras cosas porque los empresarios valencianos lo han apoyado incondicionalmente
@quiquepeinado Algún día llegareis a entender que la admiración de esos grupos a Zozulya por defender el nacionalismo no es recíproca?
Los refugiados que lleguen a Cataluña y no comulguen con el nacionalismo catalán pasarán a ser colonos, ¿no?. Este es su concepto de acogida
@jorgesevar_ Cánovas el Cabrón, el abanderado del nacionalismo español y germen de la identidad rancia que hoy sufrimos
Y es así porque el nacionalismo español ostenta el poder: los recursos valencianos sirven para construir la red radial y obviar la circular
2) El nacionalismo catalán jamás ha sido contrario a la diversidad cultural a diferencia del español, CAT es ejemplo d integración @jlmark67
@SergiCastanye Pues te vas a encontrar con la oligarquía catalana, el nacionalismo catalán, etc. Franco murió hace 40 años, sabías?
El nacionalismo español ha construido 1 red radial porque le interesa y si no ha hecho la circular es evidentemente porque no le interesa
@juanma_rguez Es muy del nacionalismo catalán y barcelonista creer que sus ideas son las únicas democráticas y objetivas. Así les va.
ˮEl nacionalismo va a colocar las urnas contra la democraciaˮ http://www. elmundo.es/espana/2017/02 /13/58a0e770e2704e2e598b45cb.html?btz100=1909024413 … #noticiasEspaña
Por que poner una bandera mostrando nacionalismo y no nos apoyamos mutuamente??
1) Soy indepe porque quiero librarme del yugo de: - La monarquía - La oligarquía - El franquismo - El nacionalismo español - El centralismo
Conoce más sobre el #Nacionalismo http:// bit.ly/2982kxT pic.twitter.com/LFFa5QI2h5
Pensamiento colonial diluye identidad y orgullo. Le tenemos miedo al nacionalismo . https:// twitter.com/CasademontC/st atus/831150772666634244 …
@Ludotonica Totalmente de acuerdo contigo entonces el enemigo es el gob y el PRI no el patrioterismo y nacionalismo del ignorante de Trump
Exactamente eso pienso cada que esos tres abren la boca para inmolarse en nacionalismo demagogo. http:// fb.me/a8htuwGmZ
¿Excomulgados por criticar el nacionalismo catalán? http://www. libertaddigital.com/espana/politic a/2017-02-13/el-tribunal-eclesiastico-de-barcelona-estudia-excomulgar-a-los-autores-de-germinans-por-criticar-el-nacionalismo-1276592609/ … vía @libertaddigital
¿Qué es el nacionalismo lingüístico español? (11'57'') http:// buff.ly/2lHMqkf pic.twitter.com/KlrfV7S6rX
El otro hace una disección de la derrota del 98 que mezcla masculinidad y nacionalismo en un cap y si digo que es BRUTAL, me quedo corto.
¿Excomulgados por criticar el nacionalismo catalán? l- @libertaddigital -En cambio no se ha iniciado proceso canónico contra la "monja" Carán.
El muro de Trump es construído.por mexicanos donde el bolsillo lleno, pesa más que el nacionalismo . https:// twitter.com/rabindranathbm /status/831134499790430208 …
Dios les dio más orgullo propio y nacionalismo que criterio e inteligencia. Así no se pinches puede.
